GROUP,PACKAGE,CLASS,INSTRUCTION_MISSED,INSTRUCTION_COVERED,BRANCH_MISSED,BRANCH_COVERED,LINE_MISSED,LINE_COVERED,COMPLEXITY_MISSED,COMPLEXITY_COVERED,METHOD_MISSED,METHOD_COVERED
Assignment for class CS5004,CS6650,RestThread,504,0,10,0,105,0,11,0,6,0
Assignment for class CS5004,CS6650,MultiThread,447,0,2,0,57,0,6,0,5,0
Assignment for class CS5004,CS6650,ArgumentParser,70,0,10,0,12,0,6,0,1,0
Assignment for class CS5004,CS6650,StepApp,150,0,0,0,17,0,2,0,2,0
Assignment for class CS5004,CS6650,Statistics,118,0,4,0,22,0,5,0,3,0
Assignment for class CS5004,CS6650,Constants,3,0,0,0,1,0,1,0,1,0
Assignment for class CS5004,CS6650,CsvGenerator,89,0,2,0,21,0,3,0,2,0
